alsa-ucm-conf
apparmor
apport
apt
apt-utils
bcache-tools
binutils
binutils-common
binutils-x86-64-linux-gnu
bolt
bsdextrautils
cloud-initramfs-copymods
cloud-initramfs-dyn-netconf
command-not-found
distro-info
distro-info-data
finalrd
firmware-sof-signed
friendly-recovery
fuse3
fwupd-signed
gcc-12-base
gir1.2-glib-2.0
initramfs-tools
initramfs-tools-bin
initramfs-tools-core
isc-dhcp-client
isc-dhcp-common
kmod
landscape-common
less
libapparmor1
libapt-pkg6.0
libasound2
libasound2-data
libatasmart4
libbinutils
libblockdev-crypto2
libblockdev-fs2
libblockdev-loop2
libblockdev-part-err2
libblockdev-part2
libblockdev-swap2
libblockdev-utils2
libblockdev2
libbpf0
libc-bin
libcbor0.8
libctf-nobfd0
libctf0
libdns-export1110
libdw1
libefiboot1
libefivar1
libevdev2
libevent-core-2.1-7
libffi8
libfuse3-3
libfwupd2
libfwupdplugin5
libgirepository-1.0-1
libglib2.0-0
libglib2.0-bin
libglib2.0-data
libhogweed6
libicu70
libimobiledevice6
libinih1
libintl-perl
libintl-xs-perl
libisc-export1105
libjansson4
libjcat1
libjson-c5
libkeyutils1
libkmod2
libldap-2.5-0
libmbim-glib4
libmbim-proxy
libmd0
libmm-glib0
libmodule-find-perl
libmodule-scandeps-perl
libmpdec3
libnetplan0
libnettle8
libnftables1
libnsl2
libnspr4
libnss-nis
libnss-nisplus
libnss-systemd
libnss3
libntfs-3g89
libopeniscsiusr
libpam-systemd
libparted-fs-resize0
libparted2
libpci3
libperl5.34
libplist3
libplymouth5
libproc-processtable-perl
libprocps8
libpython3.10
libpython3.10-minimal
libpython3.10-stdlib
libqmi-glib5
libqmi-proxy
libsemanage2
libsepol2
libslirp0
libsort-naturally-perl
libsoup2.4-common
libssl3
libsystemd0
libtcl8.6
libterm-readkey-perl
libtss2-esys-3.0.2-0
libtss2-mu0
libtss2-sys1
libtss2-tcti-cmd0
libtss2-tcti-device0
libtss2-tcti-mssim0
libtss2-tcti-swtpm0
libudev1
libudisks2-0
libupower-glib3
liburcu8
libusbmuxd6
libvolume-key1
libxmlb2
libxxhash0
linux-base
linux-headers-5.15.0-67
linux-headers-5.15.0-67-generic
linux-headers-5.15.0-69
linux-headers-5.15.0-69-generic
linux-image-5.15.0-67-generic
linux-image-5.15.0-69-generic
linux-modules-5.15.0-67-generic
linux-modules-5.15.0-69-generic
linux-modules-extra-5.15.0-67-generic
linux-modules-extra-5.15.0-69-generic
locales
lshw
lsof
mailcap
mdadm
media-types
modemmanager
motd-news-config
ncal
needrestart
netplan.io
nftables
nmap
open-iscsi
open-vm-tools
overlayroot
parted
pciutils
perl-modules-5.34
pigz
pkexec
plymouth
plymouth-theme-ubuntu-text
polkitd
pollinate
procps
python-apt-common
python-babel-localedata
python3-apport
python3-apt
python3-babel
python3-bcrypt
python3-commandnotfound
python3-distupgrade
python3-jeepney
python3-magic
python3-problem-report
python3-pyparsing
python3-tz
python3-update-manager
python3.10
python3.10-minimal
sbsigntool
session-migration
slirp4netns
snapd
sosreport
squashfs-tools
strace
systemd
systemd-hwe-hwdb
systemd-sysv
systemd-timesyncd
tcl
tcl8.6
tcpdump
tnftp
ubuntu-keyring
ubuntu-release-upgrader-core
udev
udisks2
ufw
unattended-upgrades
update-notifier-common
upower
usb-modeswitch
usb-modeswitch-data
usbmuxd
usrmerge
vim
wget
zstd
